nohup: ignoring input

> server@1.0.0 start
> npm run build && npm run start:node


> server@1.0.0 build
> npx etsc

Using default config
Built in: 36.359ms

> server@1.0.0 start:node
> node dist/index.js

Connecting to MongoDB at mongodb+srv://user:<password>@cluster0.rriubrl.mongodb.net/BookmarkDB
Server running at http://localhost:3000
[0;36mMongoose:[0m user_credentials.createIndex({ username: [33m1[39m }, { unique: [33mtrue[39m, background: [33mtrue[39m })
[0;36mMongoose:[0m user_credentials.find({ username: [32m'magik'[39m }, {})
[0;36mMongoose:[0m bookmarks.find({}, {})
[0;36mMongoose:[0m bookmarks.find({}, {})
[0;36mMongoose:[0m groups.find({}, {})
[0;36mMongoose:[0m bookmarks.find({}, {})
[0;36mMongoose:[0m bookmarks.find({}, {})
[0;36mMongoose:[0m bookmarks.find({}, {})
[0;36mMongoose:[0m bookmarks.find({}, {})
[0;36mMongoose:[0m bookmarks.find({}, {})
[0;36mMongoose:[0m bookmarks.find({}, {})
[0;36mMongoose:[0m bookmarks.find({}, {})
[0;36mMongoose:[0m bookmarks.find({}, {})
[0;36mMongoose:[0m bookmarks.find({}, {})
[0;36mMongoose:[0m bookmarks.find({}, {})
[0;36mMongoose:[0m bookmarks.find({}, {})
[0;36mMongoose:[0m bookmarks.find({}, {})
[0;36mMongoose:[0m bookmarks.find({}, {})
[0;36mMongoose:[0m bookmarks.find({}, {})
[0;36mMongoose:[0m bookmarks.find({}, {})
[0;36mMongoose:[0m bookmarks.find({}, {})
[0;36mMongoose:[0m bookmarks.find({}, {})
[0;36mMongoose:[0m bookmarks.find({}, {})
[0;36mMongoose:[0m bookmarks.find({}, {})
[0;36mMongoose:[0m groups.find({}, {})
[0;36mMongoose:[0m bookmarks.find({}, {})
[0;36mMongoose:[0m bookmarks.find({}, {})
[0;36mMongoose:[0m bookmarks.find({}, {})
[0;36mMongoose:[0m bookmarks.find({}, {})
[0;36mMongoose:[0m bookmarks.find({}, {})
[0;36mMongoose:[0m bookmarks.find({}, {})
[0;36mMongoose:[0m bookmarks.find({}, {})
[0;36mMongoose:[0m bookmarks.find({}, {})
[0;36mMongoose:[0m bookmarks.find({}, {})
[0;36mMongoose:[0m bookmarks.find({}, {})
[0;36mMongoose:[0m bookmarks.find({}, {})
[0;36mMongoose:[0m bookmarks.find({}, {})
[0;36mMongoose:[0m bookmarks.find({}, {})
[0;36mMongoose:[0m bookmarks.find({}, {})
[0;36mMongoose:[0m bookmarks.find({}, {})
[0;36mMongoose:[0m bookmarks.find({}, {})
[0;36mMongoose:[0m bookmarks.find({}, {})
[0;36mMongoose:[0m bookmarks.find({}, {})
[0;36mMongoose:[0m bookmarks.find({}, {})
[0;36mMongoose:[0m bookmarks.find({}, {})
[0;36mMongoose:[0m bookmarks.find({}, {})
[0;36mMongoose:[0m bookmarks.find({}, {})
[0;36mMongoose:[0m bookmarks.find({}, {})
[0;36mMongoose:[0m bookmarks.find({}, {})
[0;36mMongoose:[0m bookmarks.find({}, {})
[0;36mMongoose:[0m bookmarks.find({}, {})
[0;36mMongoose:[0m bookmarks.find({}, {})
[0;36mMongoose:[0m bookmarks.find({}, {})
[0;36mMongoose:[0m bookmarks.find({}, {})
[0;36mMongoose:[0m bookmarks.find({}, {})
[0;36mMongoose:[0m bookmarks.find({}, {})
[0;36mMongoose:[0m bookmarks.find({}, {})
[0;36mMongoose:[0m groups.find({}, {})
[0;36mMongoose:[0m bookmarks.find({}, {})
[0;36mMongoose:[0m bookmarks.find({}, {})
[0;36mMongoose:[0m bookmarks.find({}, {})
[0;36mMongoose:[0m bookmarks.find({}, {})
[0;36mMongoose:[0m bookmarks.find({}, {})
[0;36mMongoose:[0m bookmarks.find({}, {})
[0;36mMongoose:[0m bookmarks.find({}, {})
[0;36mMongoose:[0m bookmarks.find({}, {})
[0;36mMongoose:[0m bookmarks.find({}, {})
[0;36mMongoose:[0m bookmarks.find({}, {})
[0;36mMongoose:[0m bookmarks.find({}, {})
[0;36mMongoose:[0m bookmarks.find({}, {})
[0;36mMongoose:[0m bookmarks.find({}, {})
[0;36mMongoose:[0m bookmarks.find({}, {})
[0;36mMongoose:[0m bookmarks.find({}, {})
[0;36mMongoose:[0m bookmarks.find({}, {})
[0;36mMongoose:[0m bookmarks.find({}, {})
[0;36mMongoose:[0m bookmarks.find({}, {})
[0;36mMongoose:[0m bookmarks.find({}, {})
[0;36mMongoose:[0m groups.find({}, {})
[0;36mMongoose:[0m bookmarks.find({}, {})
[0;36mMongoose:[0m bookmarks.find({}, {})
[0;36mMongoose:[0m bookmarks.find({}, {})
[0;36mMongoose:[0m bookmarks.find({}, {})
[0;36mMongoose:[0m bookmarks.find({}, {})
[0;36mMongoose:[0m bookmarks.find({}, {})
[0;36mMongoose:[0m bookmarks.find({}, {})
[0;36mMongoose:[0m bookmarks.find({}, {})
[0;36mMongoose:[0m bookmarks.find({}, {})
[0;36mMongoose:[0m bookmarks.find({}, {})
[0;36mMongoose:[0m bookmarks.find({}, {})
[0;36mMongoose:[0m bookmarks.find({}, {})
[0;36mMongoose:[0m bookmarks.find({}, {})
[0;36mMongoose:[0m bookmarks.find({}, {})
[0;36mMongoose:[0m bookmarks.find({}, {})
[0;36mMongoose:[0m bookmarks.find({}, {})
[0;36mMongoose:[0m bookmarks.find({}, {})
